[2022-11-07 18:48:18Z INFO HostContext] No proxy settings were found based on environmental variables (http_proxy/https_proxy/HTTP_PROXY/HTTPS_PROXY)
[2022-11-07 18:48:18Z INFO HostContext] Well known directory 'Bin': 'D:\React_Projects\ShoppingCart\actions-runner\bin'
[2022-11-07 18:48:18Z INFO HostContext] Well known directory 'Root': 'D:\React_Projects\ShoppingCart\actions-runner'
[2022-11-07 18:48:18Z INFO HostContext] Well known config file 'Credentials': 'D:\React_Projects\ShoppingCart\actions-runner\.credentials'
[2022-11-07 18:48:18Z INFO HostContext] Well known directory 'Bin': 'D:\React_Projects\ShoppingCart\actions-runner\bin'
[2022-11-07 18:48:18Z INFO HostContext] Well known directory 'Root': 'D:\React_Projects\ShoppingCart\actions-runner'
[2022-11-07 18:48:18Z INFO HostContext] Well known config file 'Runner': 'D:\React_Projects\ShoppingCart\actions-runner\.runner'
[2022-11-07 18:48:18Z INFO Listener] Runner is built for Windows (X64) - win-x64.
[2022-11-07 18:48:18Z INFO Listener] RuntimeInformation: Microsoft Windows 10.0.22621.
[2022-11-07 18:48:18Z INFO Listener] Version: 2.298.2
[2022-11-07 18:48:18Z INFO Listener] Commit: f49f0247c8f15ef51086a7c2405333cb91c6f3cd
[2022-11-07 18:48:18Z INFO Listener] Culture: en-CA
[2022-11-07 18:48:18Z INFO Listener] UI Culture: en-US
[2022-11-07 18:48:18Z INFO HostContext] Well known directory 'Bin': 'D:\React_Projects\ShoppingCart\actions-runner\bin'
[2022-11-07 18:48:18Z INFO HostContext] Well known directory 'Root': 'D:\React_Projects\ShoppingCart\actions-runner'
[2022-11-07 18:48:18Z INFO Listener] Validating directory permissions for: 'D:\React_Projects\ShoppingCart\actions-runner'
[2022-11-07 18:48:18Z INFO CommandLineParser] Parse
[2022-11-07 18:48:18Z INFO CommandLineParser] Parsing 5 args
[2022-11-07 18:48:18Z INFO CommandLineParser] parsing argument
[2022-11-07 18:48:18Z INFO CommandLineParser] HasArgs: False
[2022-11-07 18:48:18Z INFO CommandLineParser] Adding Command: configure
[2022-11-07 18:48:18Z INFO CommandLineParser] parsing argument
[2022-11-07 18:48:18Z INFO CommandLineParser] HasArgs: True
[2022-11-07 18:48:18Z INFO CommandLineParser] arg: url
[2022-11-07 18:48:18Z INFO CommandLineParser] parsing argument
[2022-11-07 18:48:18Z INFO CommandLineParser] HasArgs: True
[2022-11-07 18:48:18Z INFO CommandLineParser] Adding option 'url': 'https://github.com/rafapaivadeandrade/ShoppingCart'
[2022-11-07 18:48:18Z INFO CommandLineParser] parsing argument
[2022-11-07 18:48:18Z INFO CommandLineParser] HasArgs: True
[2022-11-07 18:48:18Z INFO CommandLineParser] arg: token
[2022-11-07 18:48:18Z INFO CommandLineParser] parsing argument
[2022-11-07 18:48:18Z INFO CommandLineParser] HasArgs: True
[2022-11-07 18:48:18Z INFO CommandLineParser] Adding option 'token': '***'
[2022-11-07 18:48:18Z INFO Listener] Arguments parsed
[2022-11-07 18:48:18Z INFO Runner] ExecuteCommand
[2022-11-07 18:48:18Z INFO ConfigurationStore] currentAssemblyLocation: D:\React_Projects\ShoppingCart\actions-runner\bin\Runner.Listener.dll
[2022-11-07 18:48:18Z INFO HostContext] Well known directory 'Bin': 'D:\React_Projects\ShoppingCart\actions-runner\bin'
[2022-11-07 18:48:18Z INFO ConfigurationStore] binPath: D:\React_Projects\ShoppingCart\actions-runner\bin
[2022-11-07 18:48:18Z INFO HostContext] Well known directory 'Bin': 'D:\React_Projects\ShoppingCart\actions-runner\bin'
[2022-11-07 18:48:18Z INFO HostContext] Well known directory 'Root': 'D:\React_Projects\ShoppingCart\actions-runner'
[2022-11-07 18:48:18Z INFO ConfigurationStore] RootFolder: D:\React_Projects\ShoppingCart\actions-runner
[2022-11-07 18:48:18Z INFO HostContext] Well known directory 'Bin': 'D:\React_Projects\ShoppingCart\actions-runner\bin'
[2022-11-07 18:48:18Z INFO HostContext] Well known directory 'Root': 'D:\React_Projects\ShoppingCart\actions-runner'
[2022-11-07 18:48:18Z INFO HostContext] Well known config file 'Runner': 'D:\React_Projects\ShoppingCart\actions-runner\.runner'
[2022-11-07 18:48:18Z INFO ConfigurationStore] ConfigFilePath: D:\React_Projects\ShoppingCart\actions-runner\.runner
[2022-11-07 18:48:18Z INFO HostContext] Well known directory 'Bin': 'D:\React_Projects\ShoppingCart\actions-runner\bin'
[2022-11-07 18:48:18Z INFO HostContext] Well known directory 'Root': 'D:\React_Projects\ShoppingCart\actions-runner'
[2022-11-07 18:48:18Z INFO HostContext] Well known config file 'Credentials': 'D:\React_Projects\ShoppingCart\actions-runner\.credentials'
[2022-11-07 18:48:18Z INFO ConfigurationStore] CredFilePath: D:\React_Projects\ShoppingCart\actions-runner\.credentials
[2022-11-07 18:48:18Z INFO HostContext] Well known directory 'Bin': 'D:\React_Projects\ShoppingCart\actions-runner\bin'
[2022-11-07 18:48:18Z INFO HostContext] Well known directory 'Root': 'D:\React_Projects\ShoppingCart\actions-runner'
[2022-11-07 18:48:18Z INFO HostContext] Well known config file 'MigratedCredentials': 'D:\React_Projects\ShoppingCart\actions-runner\.credentials_migrated'
[2022-11-07 18:48:18Z INFO ConfigurationStore] MigratedCredFilePath: D:\React_Projects\ShoppingCart\actions-runner\.credentials_migrated
[2022-11-07 18:48:18Z INFO HostContext] Well known directory 'Bin': 'D:\React_Projects\ShoppingCart\actions-runner\bin'
[2022-11-07 18:48:18Z INFO HostContext] Well known directory 'Root': 'D:\React_Projects\ShoppingCart\actions-runner'
[2022-11-07 18:48:18Z INFO HostContext] Well known config file 'Service': 'D:\React_Projects\ShoppingCart\actions-runner\.service'
[2022-11-07 18:48:18Z INFO ConfigurationStore] ServiceConfigFilePath: D:\React_Projects\ShoppingCart\actions-runner\.service
[2022-11-07 18:48:18Z INFO CommandSettings] Flag 'help': 'False'
[2022-11-07 18:48:18Z INFO CommandSettings] Flag 'version': 'False'
[2022-11-07 18:48:18Z INFO CommandSettings] Flag 'commit': 'False'
[2022-11-07 18:48:18Z INFO CommandSettings] Flag 'check': 'False'
[2022-11-07 18:48:18Z INFO CommandSettings] Command 'configure': 'True'
[2022-11-07 18:48:19Z INFO Terminal] WRITE LINE: 
[2022-11-07 18:48:19Z INFO Terminal] WRITE LINE: --------------------------------------------------------------------------------
[2022-11-07 18:48:19Z INFO Terminal] WRITE LINE: |        ____ _ _   _   _       _          _        _   _                      |
[2022-11-07 18:48:19Z INFO Terminal] WRITE LINE: |       / ___(_) |_| | | |_   _| |__      / \   ___| |_(_) ___  _ __  ___      |
[2022-11-07 18:48:19Z INFO Terminal] WRITE LINE: |      | |  _| | __| |_| | | | | '_ \    / _ \ / __| __| |/ _ \| '_ \/ __|     |
[2022-11-07 18:48:19Z INFO Terminal] WRITE LINE: |      | |_| | | |_|  _  | |_| | |_) |  / ___ \ (__| |_| | (_) | | | \__ \     |
[2022-11-07 18:48:19Z INFO Terminal] WRITE LINE: |       \____|_|\__|_| |_|\__,_|_.__/  /_/   \_\___|\__|_|\___/|_| |_|___/     |
[2022-11-07 18:48:19Z INFO Terminal] WRITE LINE: |                                                                              |
[2022-11-07 18:48:19Z INFO Terminal] WRITE: |                       
[2022-11-07 18:48:19Z INFO Terminal] WRITE: Self-hosted runner registration
[2022-11-07 18:48:19Z INFO Terminal] WRITE LINE:                         |
[2022-11-07 18:48:19Z INFO Terminal] WRITE LINE: |                                                                              |
[2022-11-07 18:48:19Z INFO Terminal] WRITE LINE: --------------------------------------------------------------------------------
[2022-11-07 18:48:19Z INFO ConfigurationManager] ConfigureAsync
[2022-11-07 18:48:19Z INFO ConfigurationStore] IsConfigured()
[2022-11-07 18:48:19Z INFO ConfigurationStore] IsConfigured: False
[2022-11-07 18:48:19Z INFO ConfigurationManager] Is configured: False
[2022-11-07 18:48:19Z INFO CommandSettings] Arg 'url': 'https://github.com/rafapaivadeandrade/ShoppingCart'
[2022-11-07 18:48:19Z INFO CommandSettings] Remove url from Arg dictionary.
[2022-11-07 18:48:19Z INFO CommandSettings] Arg 'token': '***'
[2022-11-07 18:48:19Z INFO CommandSettings] Remove token from Arg dictionary.
[2022-11-07 18:48:21Z INFO ConfigurationManager] Http response code: OK from 'POST https://api.github.com/actions/runner-registration'
[2022-11-07 18:48:21Z INFO ConfigurationManager] cred retrieved via GitHub auth
[2022-11-07 18:48:21Z INFO RunnerServer] Establish connection with 100 seconds timeout.
[2022-11-07 18:48:22Z INFO GitHubActionsService] Starting operation Location.GetConnectionData
[2022-11-07 18:48:22Z INFO RunnerServer] Establish connection with 60 seconds timeout.
[2022-11-07 18:48:22Z INFO GitHubActionsService] Starting operation Location.GetConnectionData
[2022-11-07 18:48:22Z INFO RunnerServer] Establish connection with 60 seconds timeout.
[2022-11-07 18:48:22Z INFO GitHubActionsService] Starting operation Location.GetConnectionData
[2022-11-07 18:48:24Z INFO GitHubActionsService] Finished operation Location.GetConnectionData
[2022-11-07 18:48:24Z INFO GitHubActionsService] Finished operation Location.GetConnectionData
[2022-11-07 18:48:24Z INFO GitHubActionsService] Finished operation Location.GetConnectionData
[2022-11-07 18:48:24Z INFO Terminal] WRITE LINE: 
[2022-11-07 18:48:24Z INFO ConfigurationManager] Test Connection complete.
[2022-11-07 18:48:24Z INFO HostContext] Well known directory 'Bin': 'D:\React_Projects\ShoppingCart\actions-runner\bin'
[2022-11-07 18:48:24Z INFO HostContext] Well known directory 'Root': 'D:\React_Projects\ShoppingCart\actions-runner'
[2022-11-07 18:48:24Z INFO HostContext] Well known config file 'RSACredentials': 'D:\React_Projects\ShoppingCart\actions-runner\.credentials_rsaparams'
[2022-11-07 18:48:24Z INFO RSAEncryptedFileKeyManager] Creating new RSA key using 2048-bit key length
[2022-11-07 18:48:24Z INFO RSAEncryptedFileKeyManager] Successfully saved RSA key parameters to file D:\React_Projects\ShoppingCart\actions-runner\.credentials_rsaparams
[2022-11-07 18:48:25Z INFO CommandSettings] Arg 'runnergroup': ''
[2022-11-07 18:48:25Z INFO CommandSettings] Flag 'unattended': 'False'
[2022-11-07 18:48:25Z INFO PromptManager] ReadValue
[2022-11-07 18:48:25Z INFO Terminal] WRITE: Enter the name of the runner group to add this runner to: 
[2022-11-07 18:48:25Z INFO Terminal] WRITE: [press Enter for Default] 
[2022-11-07 18:48:25Z INFO Terminal] READ LINE
[2022-11-07 18:56:35Z INFO Terminal] Read value: ''
[2022-11-07 18:56:35Z INFO PromptManager] Falling back to the default: 'Default'
[2022-11-07 18:56:35Z INFO Terminal] WRITE LINE: 
[2022-11-07 18:56:35Z INFO ConfigurationManager] Found a self-hosted runner group with id 1 and name Default
[2022-11-07 18:56:35Z INFO CommandSettings] Flag 'disableupdate': 'False'
[2022-11-07 18:56:35Z INFO CommandSettings] Flag 'ephemeral': 'False'
[2022-11-07 18:56:35Z INFO CommandSettings] Arg 'name': ''
[2022-11-07 18:56:35Z INFO CommandSettings] Flag 'unattended': 'False'
[2022-11-07 18:56:35Z INFO PromptManager] ReadValue
[2022-11-07 18:56:35Z INFO Terminal] WRITE: Enter the name of runner: 
[2022-11-07 18:56:35Z INFO Terminal] WRITE: [press Enter for LAPTOP-TAQ38GDJ] 
[2022-11-07 18:56:35Z INFO Terminal] READ LINE
[2022-11-07 18:56:46Z INFO Terminal] Read value: ''
[2022-11-07 18:56:46Z INFO PromptManager] Falling back to the default: 'LAPTOP-TAQ38GDJ'
[2022-11-07 18:56:46Z INFO Terminal] WRITE LINE: 
[2022-11-07 18:56:46Z INFO CommandSettings] Arg 'labels': ''
[2022-11-07 18:56:46Z INFO CommandSettings] Flag 'unattended': 'False'
[2022-11-07 18:56:46Z INFO PromptManager] ReadValue
[2022-11-07 18:56:46Z INFO Terminal] WRITE: This runner will have the following labels: 'self-hosted', 'Windows', 'X64' 
Enter any additional labels (ex. label-1,label-2): 
[2022-11-07 18:56:46Z INFO Terminal] WRITE: [press Enter to skip] 
[2022-11-07 18:56:47Z INFO Terminal] READ LINE
[2022-11-07 18:56:48Z INFO Terminal] Read value: ''
[2022-11-07 18:56:48Z INFO Terminal] WRITE LINE: 
[2022-11-07 18:56:50Z INFO CommandSettings] Flag 'disableupdate': 'False'
[2022-11-07 18:56:50Z INFO CommandSettings] Flag 'disableupdate': 'False'
[2022-11-07 18:56:50Z INFO CommandSettings] Flag 'ephemeral': 'False'
[2022-11-07 18:56:50Z INFO ConfigurationStore] Saving OAuth credential @ D:\React_Projects\ShoppingCart\actions-runner\.credentials
[2022-11-07 18:56:50Z INFO ConfigurationStore] Credentials Saved.
[2022-11-07 18:56:50Z INFO ConfigurationStore] HasCredentials()
[2022-11-07 18:56:50Z INFO ConfigurationStore] stored True
[2022-11-07 18:56:50Z INFO CredentialManager] GetCredentialProvider
[2022-11-07 18:56:50Z INFO CredentialManager] Creating type OAuth
[2022-11-07 18:56:50Z INFO CredentialManager] Creating credential type: OAuth
[2022-11-07 18:56:50Z INFO RSAEncryptedFileKeyManager] Loading RSA key parameters from file D:\React_Projects\ShoppingCart\actions-runner\.credentials_rsaparams
[2022-11-07 18:56:50Z INFO RunnerServer] Establish connection with 100 seconds timeout.
[2022-11-07 18:56:50Z INFO GitHubActionsService] Starting operation Location.GetConnectionData
[2022-11-07 18:56:50Z INFO RunnerServer] Establish connection with 60 seconds timeout.
[2022-11-07 18:56:50Z INFO GitHubActionsService] Starting operation Location.GetConnectionData
[2022-11-07 18:56:50Z INFO RunnerServer] Establish connection with 60 seconds timeout.
[2022-11-07 18:56:50Z INFO GitHubActionsService] Starting operation Location.GetConnectionData
[2022-11-07 18:56:51Z INFO GitHubActionsService] Finished operation Location.GetConnectionData
[2022-11-07 18:56:51Z INFO GitHubActionsService] Finished operation Location.GetConnectionData
[2022-11-07 18:56:52Z INFO GitHubActionsService] Finished operation Location.GetConnectionData
[2022-11-07 18:56:52Z INFO RSAEncryptedFileKeyManager] Loading RSA key parameters from file D:\React_Projects\ShoppingCart\actions-runner\.credentials_rsaparams
[2022-11-07 18:56:52Z INFO RSAEncryptedFileKeyManager] Loading RSA key parameters from file D:\React_Projects\ShoppingCart\actions-runner\.credentials_rsaparams
[2022-11-07 18:56:54Z INFO GitHubActionsService] AAD Correlation ID for this token request: Unknown
[2022-11-07 18:56:54Z INFO CommandSettings] Arg 'work': ''
[2022-11-07 18:56:54Z INFO CommandSettings] Flag 'unattended': 'False'
[2022-11-07 18:56:54Z INFO PromptManager] ReadValue
[2022-11-07 18:56:54Z INFO Terminal] WRITE: Enter name of work folder: 
[2022-11-07 18:56:54Z INFO Terminal] WRITE: [press Enter for _work] 
[2022-11-07 18:56:54Z INFO Terminal] READ LINE
[2022-11-07 18:57:06Z INFO Terminal] Read value: ''
[2022-11-07 18:57:06Z INFO PromptManager] Falling back to the default: '_work'
[2022-11-07 18:57:06Z INFO ConfigurationStore] Saving runner settings.
[2022-11-07 18:57:06Z INFO ConfigurationStore] Settings Saved.
[2022-11-07 18:57:06Z INFO Terminal] WRITE LINE: 
[2022-11-07 18:57:06Z INFO Terminal] WRITE LINE: 
[2022-11-07 18:57:06Z INFO CommandSettings] Flag 'runasservice': 'False'
[2022-11-07 18:57:06Z INFO CommandSettings] Flag 'unattended': 'False'
[2022-11-07 18:57:06Z INFO PromptManager] ReadValue
[2022-11-07 18:57:06Z INFO Terminal] WRITE: Would you like to run the runner as service? (Y/N) 
[2022-11-07 18:57:06Z INFO Terminal] WRITE: [press Enter for N] 
[2022-11-07 18:57:06Z INFO Terminal] READ LINE
[2022-11-07 18:57:43Z INFO Terminal] Read value: ''
[2022-11-07 18:57:43Z INFO PromptManager] Falling back to the default: 'N'
[2022-11-07 18:57:43Z INFO Listener] Runner execution has finished with return code 0
